0 info it worked if it ends with ok
1 verbose cli [ '/home/tristan/.nvm/versions/node/v6.10.0/bin/node',
1 verbose cli   '/home/tristan/.nvm/versions/node/v6.10.0/bin/npm',
1 verbose cli   'install',
1 verbose cli   'polymer-iron-selector' ]
2 info using npm@3.10.10
3 info using node@v6.10.0
4 silly loadCurrentTree Starting
5 silly install loadCurrentTree
6 silly install readLocalPackageData
7 silly fetchPackageMetaData polymer-iron-selector
8 silly fetchNamedPackageData polymer-iron-selector
9 silly mapToRegistry name polymer-iron-selector
10 silly mapToRegistry using default registry
11 silly mapToRegistry registry https://registry.npmjs.org/
12 silly mapToRegistry data Result {
12 silly mapToRegistry   raw: 'polymer-iron-selector',
12 silly mapToRegistry   scope: null,
12 silly mapToRegistry   escapedName: 'polymer-iron-selector',
12 silly mapToRegistry   name: 'polymer-iron-selector',
12 silly mapToRegistry   rawSpec: '',
12 silly mapToRegistry   spec: 'latest',
12 silly mapToRegistry   type: 'tag' }
13 silly mapToRegistry uri https://registry.npmjs.org/polymer-iron-selector
14 verbose request uri https://registry.npmjs.org/polymer-iron-selector
15 verbose request no auth needed
16 info attempt registry request try #1 at 2:34:22 PM
17 verbose request id 42aa45a47a0ffbb1
18 http request GET https://registry.npmjs.org/polymer-iron-selector
19 http 200 https://registry.npmjs.org/polymer-iron-selector
20 verbose headers { server: 'nginx/1.10.1',
20 verbose headers   'content-type': 'application/json',
20 verbose headers   'last-modified': 'Sat, 30 Jan 2016 04:35:19 GMT',
20 verbose headers   etag: 'W/"56ac3d87-1a4"',
20 verbose headers   'content-encoding': 'gzip',
20 verbose headers   'cache-control': 'max-age=300',
20 verbose headers   'content-length': '248',
20 verbose headers   'accept-ranges': 'bytes',
20 verbose headers   date: 'Sun, 26 Feb 2017 14:37:47 GMT',
20 verbose headers   via: '1.1 varnish',
20 verbose headers   age: '0',
20 verbose headers   connection: 'keep-alive',
20 verbose headers   'x-served-by': 'cache-lcy1121-LCY',
20 verbose headers   'x-cache': 'MISS',
20 verbose headers   'x-cache-hits': '0',
20 verbose headers   'x-timer': 'S1488119867.250897,VS0,VE135',
20 verbose headers   vary: 'Accept-Encoding' }
21 silly get cb [ 200,
21 silly get   { server: 'nginx/1.10.1',
21 silly get     'content-type': 'application/json',
21 silly get     'last-modified': 'Sat, 30 Jan 2016 04:35:19 GMT',
21 silly get     etag: 'W/"56ac3d87-1a4"',
21 silly get     'content-encoding': 'gzip',
21 silly get     'cache-control': 'max-age=300',
21 silly get     'content-length': '248',
21 silly get     'accept-ranges': 'bytes',
21 silly get     date: 'Sun, 26 Feb 2017 14:37:47 GMT',
21 silly get     via: '1.1 varnish',
21 silly get     age: '0',
21 silly get     connection: 'keep-alive',
21 silly get     'x-served-by': 'cache-lcy1121-LCY',
21 silly get     'x-cache': 'MISS',
21 silly get     'x-cache-hits': '0',
21 silly get     'x-timer': 'S1488119867.250897,VS0,VE135',
21 silly get     vary: 'Accept-Encoding' } ]
22 verbose get saving polymer-iron-selector to /home/tristan/.npm/registry.npmjs.org/polymer-iron-selector/.cache.json
23 verbose correctMkdir /home/tristan/.npm correctMkdir not in flight; initializing
24 verbose stack TypeError: Cannot convert undefined or null to object
24 verbose stack     at pickVersionFromRegistryDocument (/home/tristan/.nvm/versions/node/v6.10.0/lib/node_modules/npm/lib/fetch-package-metadata.js:125:29)
24 verbose stack     at /home/tristan/.nvm/versions/node/v6.10.0/lib/node_modules/npm/node_modules/iferr/index.js:13:50
24 verbose stack     at /home/tristan/.nvm/versions/node/v6.10.0/lib/node_modules/npm/lib/utils/pulse-till-done.js:20:8
24 verbose stack     at saved (/home/tristan/.nvm/versions/node/v6.10.0/lib/node_modules/npm/lib/cache/caching-client.js:174:7)
24 verbose stack     at /home/tristan/.nvm/versions/node/v6.10.0/lib/node_modules/npm/node_modules/graceful-fs/polyfills.js:241:18
24 verbose stack     at FSReqWrap.oncomplete (fs.js:123:15)
25 verbose cwd /home/tristan/am-dashboard
26 error Linux 4.9.0-rc7-ARCH
27 error argv "/home/tristan/.nvm/versions/node/v6.10.0/bin/node" "/home/tristan/.nvm/versions/node/v6.10.0/bin/npm" "install" "polymer-iron-selector"
28 error node v6.10.0
29 error npm  v3.10.10
30 error Cannot convert undefined or null to object
31 error If you need help, you may report this error at:
31 error     <https://github.com/npm/npm/issues>
32 verbose exit [ 1, true ]
